Performing C SOURCE FILE Test CMAKE_HAVE_LIBC_PTHREAD failed with the following output:
Change Dir: /home/dungpb/dicom-converter/cmake-build-debug/CMakeFiles/CMakeTmp

Run Build Command(s):/usr/bin/make cmTC_575cd/fast && /usr/bin/make -f CMakeFiles/cmTC_575cd.dir/build.make CMakeFiles/cmTC_575cd.dir/build
make[1]: Entering directory '/home/dungpb/dicom-converter/cmake-build-debug/CMakeFiles/CMakeTmp'
Building C object CMakeFiles/cmTC_575cd.dir/src.c.o
/usr/bin/cc   -fPIC -DCMAKE_HAVE_LIBC_PTHREAD   -o CMakeFiles/cmTC_575cd.dir/src.c.o   -c /home/dungpb/dicom-converter/cmake-build-debug/CMakeFiles/CMakeTmp/src.c
Linking C executable cmTC_575cd
/home/dungpb/Downloads/CLion-2019.2.4/clion-2019.2.4/bin/cmake/linux/bin/cmake -E cmake_link_script CMakeFiles/cmTC_575cd.dir/link.txt --verbose=1
/usr/bin/cc -fPIC -DCMAKE_HAVE_LIBC_PTHREAD    CMakeFiles/cmTC_575cd.dir/src.c.o  -o cmTC_575cd 
CMakeFiles/cmTC_575cd.dir/src.c.o: In function `main':
src.c:(.text+0x3e): undefined reference to `pthread_create'
src.c:(.text+0x4a): undefined reference to `pthread_detach'
src.c:(.text+0x5b): undefined reference to `pthread_join'
src.c:(.text+0x6f): undefined reference to `pthread_atfork'
collect2: error: ld returned 1 exit status
CMakeFiles/cmTC_575cd.dir/build.make:86: recipe for target 'cmTC_575cd' failed
make[1]: *** [cmTC_575cd] Error 1
make[1]: Leaving directory '/home/dungpb/dicom-converter/cmake-build-debug/CMakeFiles/CMakeTmp'
Makefile:121: recipe for target 'cmTC_575cd/fast' failed
make: *** [cmTC_575cd/fast] Error 2


Source file was:
#include <pthread.h>

void* test_func(void* data)
{
  return data;
}

int main(void)
{
  pthread_t thread;
  pthread_create(&thread, NULL, test_func, NULL);
  pthread_detach(thread);
  pthread_join(thread, NULL);
  pthread_atfork(NULL, NULL, NULL);
  pthread_exit(NULL);

  return 0;
}

Determining if the function pthread_create exists in the pthreads failed with the following output:
Change Dir: /home/dungpb/dicom-converter/cmake-build-debug/CMakeFiles/CMakeTmp

Run Build Command(s):/usr/bin/make cmTC_ab767/fast && /usr/bin/make -f CMakeFiles/cmTC_ab767.dir/build.make CMakeFiles/cmTC_ab767.dir/build
make[1]: Entering directory '/home/dungpb/dicom-converter/cmake-build-debug/CMakeFiles/CMakeTmp'
Building C object CMakeFiles/cmTC_ab767.dir/CheckFunctionExists.c.o
/usr/bin/cc   -fPIC -DCHECK_FUNCTION_EXISTS=pthread_create   -o CMakeFiles/cmTC_ab767.dir/CheckFunctionExists.c.o   -c /home/dungpb/Downloads/CLion-2019.2.4/clion-2019.2.4/bin/cmake/linux/share/cmake-3.15/Modules/CheckFunctionExists.c
Linking C executable cmTC_ab767
/home/dungpb/Downloads/CLion-2019.2.4/clion-2019.2.4/bin/cmake/linux/bin/cmake -E cmake_link_script CMakeFiles/cmTC_ab767.dir/link.txt --verbose=1
/usr/bin/cc -fPIC -DCHECK_FUNCTION_EXISTS=pthread_create    CMakeFiles/cmTC_ab767.dir/CheckFunctionExists.c.o  -o cmTC_ab767 -lpthreads 
/usr/bin/ld: cannot find -lpthreads
collect2: error: ld returned 1 exit status
CMakeFiles/cmTC_ab767.dir/build.make:86: recipe for target 'cmTC_ab767' failed
make[1]: *** [cmTC_ab767] Error 1
make[1]: Leaving directory '/home/dungpb/dicom-converter/cmake-build-debug/CMakeFiles/CMakeTmp'
Makefile:121: recipe for target 'cmTC_ab767/fast' failed
make: *** [cmTC_ab767/fast] Error 2



